# JRE version: OpenJDK Runtime Environment Temurin-17.0.3+7 (17.0.3+7) (build 17.0.3+7)
# Java VM: OpenJDK 64-Bit Server VM Temurin-17.0.3+7 (17.0.3+7, mixed mode, emulated-client, tiered, compressed oops, compressed class ptrs, g1 gc, windows-amd64)
GC Precious Log:
 CPUs: 6 total, 6 available
 Memory: 7542M
 Large Page Support: Disabled
 NUMA Support: Disabled
 Compressed Oops: Enabled (32-bit)
 Heap Region Size: 1M
 Heap Min Capacity: 8M
 Heap Initial Capacity: 118M
 Heap Max Capacity: 1886M
 Pre-touch: Disabled
 Parallel Workers: 6
 Concurrent Workers: 2
 Concurrent Refinement Workers: 6
 Periodic GC: Disabled
Heap:
 garbage-first heap   total 250880K, used 79436K [0x000000008a200000, 0x0000000100000000)
  region size 1024K, 10 young (10240K), 10 survivors (10240K)
 Metaspace       used 35030K, committed 35264K, reserved 1081344K
  class space    used 4555K, committed 4672K, reserved 1048576K
GC Heap History (20 events):
Event: 3.965 GC heap after
{Heap after GC invocations=14 (full 0):
 garbage-first heap   total 87040K, used 39337K [0x000000008a200000, 0x0000000100000000)
  region size 1024K, 4 young (4096K), 4 survivors (4096K)
 Metaspace       used 34412K, committed 34752K, reserved 1081344K
  class space    used 4437K, committed 4608K, reserved 1048576K
}
Event: 4.007 GC heap before
{Heap before GC invocations=14 (full 0):
 garbage-first heap   total 87040K, used 61865K [0x000000008a200000, 0x0000000100000000)
  region size 1024K, 27 young (27648K), 4 survivors (4096K)
 Metaspace       used 34574K, committed 34880K, reserved 1081344K
  class space    used 4482K, committed 4608K, reserved 1048576K
}
Event: 4.013 GC heap after
{Heap after GC invocations=15 (full 0):
 garbage-first heap   total 87040K, used 45893K [0x000000008a200000, 0x0000000100000000)
  region size 1024K, 4 young (4096K), 4 survivors (4096K)
 Metaspace       used 34574K, committed 34880K, reserved 1081344K
  class space    used 4482K, committed 4608K, reserved 1048576K
}
Event: 4.244 GC heap before
{Heap before GC invocations=15 (full 0):
 garbage-first heap   total 87040K, used 56133K [0x000000008a200000, 0x0000000100000000)
  region size 1024K, 16 young (16384K), 4 survivors (4096K)
 Metaspace       used 34828K, committed 35136K, reserved 1081344K
  class space    used 4531K, committed 4672K, reserved 1048576K
}
Event: 4.251 GC heap after
{Heap after GC invocations=16 (full 0):
 garbage-first heap   total 87040K, used 48465K [0x000000008a200000, 0x0000000100000000)
  region size 1024K, 3 young (3072K), 3 survivors (3072K)
 Metaspace       used 34828K, committed 35136K, reserved 1081344K
  class space    used 4531K, committed 4672K, reserved 1048576K
}
Event: 4.334 GC heap before
{Heap before GC invocations=17 (full 0):
 garbage-first heap   total 97280K, used 66897K [0x000000008a200000, 0x0000000100000000)
  region size 1024K, 20 young (20480K), 3 survivors (3072K)
 Metaspace       used 34830K, committed 35136K, reserved 1081344K
  class space    used 4532K, committed 4672K, reserved 1048576K
}
Event: 4.342 GC heap after
{Heap after GC invocations=18 (full 0):
 garbage-first heap   total 97280K, used 59348K [0x000000008a200000, 0x0000000100000000)
  region size 1024K, 3 young (3072K), 3 survivors (3072K)
 Metaspace       used 34830K, committed 35136K, reserved 1081344K
  class space    used 4532K, committed 4672K, reserved 1048576K
}
Event: 4.346 GC heap before
{Heap before GC invocations=18 (full 0):
 garbage-first heap   total 97280K, used 60372K [0x000000008a200000, 0x0000000100000000)
  region size 1024K, 4 young (4096K), 3 survivors (3072K)
 Metaspace       used 34837K, committed 35136K, reserved 1081344K
  class space    used 4534K, committed 4672K, reserved 1048576K
}
Event: 4.349 GC heap after
{Heap after GC invocations=19 (full 0):
 garbage-first heap   total 97280K, used 61083K [0x000000008a200000, 0x0000000100000000)
  region size 1024K, 1 young (1024K), 1 survivors (1024K)
 Metaspace       used 34837K, committed 35136K, reserved 1081344K
  class space    used 4534K, committed 4672K, reserved 1048576K
}
Event: 4.369 GC heap before
{Heap before GC invocations=19 (full 0):
 garbage-first heap   total 97280K, used 73371K [0x000000008a200000, 0x0000000100000000)
  region size 1024K, 14 young (14336K), 1 survivors (1024K)
 Metaspace       used 34918K, committed 35200K, reserved 1081344K
  class space    used 4540K, committed 4672K, reserved 1048576K
}
Event: 4.383 GC heap after
{Heap after GC invocations=20 (full 0):
 garbage-first heap   total 250880K, used 63761K [0x000000008a200000, 0x0000000100000000)
  region size 1024K, 2 young (2048K), 2 survivors (2048K)
 Metaspace       used 34918K, committed 35200K, reserved 1081344K
  class space    used 4540K, committed 4672K, reserved 1048576K
}
Event: 4.600 GC heap before
{Heap before GC invocations=21 (full 0):
 garbage-first heap   total 250880K, used 128273K [0x000000008a200000, 0x0000000100000000)
  region size 1024K, 67 young (68608K), 2 survivors (2048K)
 Metaspace       used 35030K, committed 35264K, reserved 1081344K
  class space    used 4555K, committed 4672K, reserved 1048576K
}
Event: 4.607 GC heap after
{Heap after GC invocations=22 (full 0):
 garbage-first heap   total 250880K, used 65396K [0x000000008a200000, 0x0000000100000000)
  region size 1024K, 5 young (5120K), 5 survivors (5120K)
 Metaspace       used 35030K, committed 35264K, reserved 1081344K
  class space    used 4555K, committed 4672K, reserved 1048576K
}
Event: 4.612 GC heap before
{Heap before GC invocations=22 (full 0):
 garbage-first heap   total 250880K, used 71540K [0x000000008a200000, 0x0000000100000000)
  region size 1024K, 12 young (12288K), 5 survivors (5120K)
 Metaspace       used 35030K, committed 35264K, reserved 1081344K
  class space    used 4555K, committed 4672K, reserved 1048576K
}
Event: 4.616 GC heap after
{Heap after GC invocations=23 (full 0):
 garbage-first heap   total 250880K, used 65080K [0x000000008a200000, 0x0000000100000000)
  region size 1024K, 1 young (1024K), 1 survivors (1024K)
 Metaspace       used 35030K, committed 35264K, reserved 1081344K
  class space    used 4555K, committed 4672K, reserved 1048576K
}
Event: 4.760 GC heap before
{Heap before GC invocations=23 (full 0):
 garbage-first heap   total 250880K, used 177720K [0x000000008a200000, 0x0000000100000000)
  region size 1024K, 112 young (114688K), 1 survivors (1024K)
 Metaspace       used 35030K, committed 35264K, reserved 1081344K
  class space    used 4555K, committed 4672K, reserved 1048576K
}
Event: 4.767 GC heap after
{Heap after GC invocations=24 (full 0):
 garbage-first heap   total 250880K, used 69456K [0x000000008a200000, 0x0000000100000000)
  region size 1024K, 5 young (5120K), 5 survivors (5120K)
 Metaspace       used 35030K, committed 35264K, reserved 1081344K
  class space    used 4555K, committed 4672K, reserved 1048576K
}
Event: 4.830 GC heap before
{Heap before GC invocations=24 (full 0):
 garbage-first heap   total 250880K, used 184144K [0x000000008a200000, 0x0000000100000000)
  region size 1024K, 118 young (120832K), 5 survivors (5120K)
 Metaspace       used 35030K, committed 35264K, reserved 1081344K
  class space    used 4555K, committed 4672K, reserved 1048576K
}
Event: 4.838 GC heap after
{Heap after GC invocations=25 (full 0):
 garbage-first heap   total 250880K, used 73902K [0x000000008a200000, 0x0000000100000000)
  region size 1024K, 10 young (10240K), 10 survivors (10240K)
 Metaspace       used 35030K, committed 35264K, reserved 1081344K
  class space    used 4555K, committed 4672K, reserved 1048576K
}
Event: 4.908 GC heap before
{Heap before GC invocations=25 (full 0):
 garbage-first heap   total 250880K, used 190638K [0x000000008a200000, 0x0000000100000000)
  region size 1024K, 125 young (128000K), 10 survivors (10240K)
 Metaspace       used 35030K, committed 35264K, reserved 1081344K
  class space    used 4555K, committed 4672K, reserved 1048576K
}

