# JRE version: OpenJDK Runtime Environment Temurin-17.0.3+7 (17.0.3+7) (build 17.0.3+7)
# Java VM: OpenJDK 64-Bit Server VM Temurin-17.0.3+7 (17.0.3+7, mixed mode, emulated-client, tiered, compressed oops, compressed class ptrs, g1 gc, windows-amd64)
GC Precious Log:
 CPUs: 6 total, 6 available
 Memory: 7542M
 Large Page Support: Disabled
 NUMA Support: Disabled
 Compressed Oops: Enabled (32-bit)
 Heap Region Size: 1M
 Heap Min Capacity: 8M
 Heap Initial Capacity: 118M
 Heap Max Capacity: 1886M
 Pre-touch: Disabled
 Parallel Workers: 6
 Concurrent Workers: 2
 Concurrent Refinement Workers: 6
 Periodic GC: Disabled
Heap:
 garbage-first heap   total 49152K, used 26358K [0x000000008a200000, 0x0000000100000000)
  region size 1024K, 10 young (10240K), 3 survivors (3072K)
 Metaspace       used 33210K, committed 33472K, reserved 1081344K
  class space    used 4224K, committed 4352K, reserved 1048576K
GC Heap History (16 events):
Event: 1.002 GC heap before
{Heap before GC invocations=0 (full 0):
 garbage-first heap   total 120832K, used 20480K [0x000000008a200000, 0x0000000100000000)
  region size 1024K, 21 young (21504K), 0 survivors (0K)
 Metaspace       used 9814K, committed 9984K, reserved 1064960K
  class space    used 1109K, committed 1216K, reserved 1048576K
}
Event: 1.009 GC heap after
{Heap after GC invocations=1 (full 0):
 garbage-first heap   total 120832K, used 7756K [0x000000008a200000, 0x0000000100000000)
  region size 1024K, 3 young (3072K), 3 survivors (3072K)
 Metaspace       used 9814K, committed 9984K, reserved 1064960K
  class space    used 1109K, committed 1216K, reserved 1048576K
}
Event: 1.427 GC heap before
{Heap before GC invocations=1 (full 0):
 garbage-first heap   total 120832K, used 25164K [0x000000008a200000, 0x0000000100000000)
  region size 1024K, 20 young (20480K), 3 survivors (3072K)
 Metaspace       used 15865K, committed 16064K, reserved 1064960K
  class space    used 1923K, committed 2048K, reserved 1048576K
}
Event: 1.433 GC heap after
{Heap after GC invocations=2 (full 0):
 garbage-first heap   total 120832K, used 10449K [0x000000008a200000, 0x0000000100000000)
  region size 1024K, 3 young (3072K), 3 survivors (3072K)
 Metaspace       used 15865K, committed 16064K, reserved 1064960K
  class space    used 1923K, committed 2048K, reserved 1048576K
}
Event: 1.797 GC heap before
{Heap before GC invocations=2 (full 0):
 garbage-first heap   total 120832K, used 35025K [0x000000008a200000, 0x0000000100000000)
  region size 1024K, 28 young (28672K), 3 survivors (3072K)
 Metaspace       used 21350K, committed 21504K, reserved 1073152K
  class space    used 2597K, committed 2688K, reserved 1048576K
}
Event: 1.803 GC heap after
{Heap after GC invocations=3 (full 0):
 garbage-first heap   total 120832K, used 10977K [0x000000008a200000, 0x0000000100000000)
  region size 1024K, 3 young (3072K), 3 survivors (3072K)
 Metaspace       used 21350K, committed 21504K, reserved 1073152K
  class space    used 2597K, committed 2688K, reserved 1048576K
}
Event: 2.489 GC heap before
{Heap before GC invocations=4 (full 0):
 garbage-first heap   total 40960K, used 29409K [0x000000008a200000, 0x0000000100000000)
  region size 1024K, 22 young (22528K), 3 survivors (3072K)
 Metaspace       used 24110K, committed 24320K, reserved 1073152K
  class space    used 2948K, committed 3008K, reserved 1048576K
}
Event: 2.502 GC heap after
{Heap after GC invocations=5 (full 0):
 garbage-first heap   total 40960K, used 12569K [0x000000008a200000, 0x0000000100000000)
  region size 1024K, 5 young (5120K), 5 survivors (5120K)
 Metaspace       used 24110K, committed 24320K, reserved 1073152K
  class space    used 2948K, committed 3008K, reserved 1048576K
}
Event: 3.007 GC heap before
{Heap before GC invocations=5 (full 0):
 garbage-first heap   total 40960K, used 26905K [0x000000008a200000, 0x0000000100000000)
  region size 1024K, 20 young (20480K), 5 survivors (5120K)
 Metaspace       used 27032K, committed 27328K, reserved 1073152K
  class space    used 3381K, committed 3520K, reserved 1048576K
}
Event: 3.027 GC heap after
{Heap after GC invocations=6 (full 0):
 garbage-first heap   total 40960K, used 14458K [0x000000008a200000, 0x0000000100000000)
  region size 1024K, 3 young (3072K), 3 survivors (3072K)
 Metaspace       used 27032K, committed 27328K, reserved 1073152K
  class space    used 3381K, committed 3520K, reserved 1048576K
}
Event: 3.660 GC heap before
{Heap before GC invocations=6 (full 0):
 garbage-first heap   total 40960K, used 27770K [0x000000008a200000, 0x0000000100000000)
  region size 1024K, 17 young (17408K), 3 survivors (3072K)
 Metaspace       used 29313K, committed 29568K, reserved 1081344K
  class space    used 3690K, committed 3840K, reserved 1048576K
}
Event: 3.667 GC heap after
{Heap after GC invocations=7 (full 0):
 garbage-first heap   total 40960K, used 15715K [0x000000008a200000, 0x0000000100000000)
  region size 1024K, 2 young (2048K), 2 survivors (2048K)
 Metaspace       used 29313K, committed 29568K, reserved 1081344K
  class space    used 3690K, committed 3840K, reserved 1048576K
}
Event: 3.982 GC heap before
{Heap before GC invocations=7 (full 0):
 garbage-first heap   total 40960K, used 28003K [0x000000008a200000, 0x0000000100000000)
  region size 1024K, 15 young (15360K), 2 survivors (2048K)
 Metaspace       used 32098K, committed 32384K, reserved 1081344K
  class space    used 4072K, committed 4224K, reserved 1048576K
}
Event: 3.986 GC heap after
{Heap after GC invocations=8 (full 0):
 garbage-first heap   total 49152K, used 16866K [0x000000008a200000, 0x0000000100000000)
  region size 1024K, 2 young (2048K), 2 survivors (2048K)
 Metaspace       used 32098K, committed 32384K, reserved 1081344K
  class space    used 4072K, committed 4224K, reserved 1048576K
}
Event: 4.177 GC heap before
{Heap before GC invocations=8 (full 0):
 garbage-first heap   total 49152K, used 33250K [0x000000008a200000, 0x0000000100000000)
  region size 1024K, 19 young (19456K), 2 survivors (2048K)
 Metaspace       used 33038K, committed 33280K, reserved 1081344K
  class space    used 4196K, committed 4288K, reserved 1048576K
}
Event: 4.181 GC heap after
{Heap after GC invocations=9 (full 0):
 garbage-first heap   total 49152K, used 20214K [0x000000008a200000, 0x0000000100000000)
  region size 1024K, 3 young (3072K), 3 survivors (3072K)
 Metaspace       used 33038K, committed 33280K, reserved 1081344K
  class space    used 4196K, committed 4288K, reserved 1048576K
}

