# JRE version: OpenJDK Runtime Environment Temurin-17.0.3+7 (17.0.3+7) (build 17.0.3+7)
# Java VM: OpenJDK 64-Bit Server VM Temurin-17.0.3+7 (17.0.3+7, mixed mode, emulated-client, tiered, compressed oops, compressed class ptrs, g1 gc, windows-amd64)
GC Precious Log:
 CPUs: 6 total, 6 available
 Memory: 7542M
 Large Page Support: Disabled
 NUMA Support: Disabled
 Compressed Oops: Enabled (32-bit)
 Heap Region Size: 1M
 Heap Min Capacity: 8M
 Heap Initial Capacity: 118M
 Heap Max Capacity: 1886M
 Pre-touch: Disabled
 Parallel Workers: 6
 Concurrent Workers: 2
 Concurrent Refinement Workers: 6
 Periodic GC: Disabled
Heap:
 garbage-first heap   total 336896K, used 90350K [0x000000008a200000, 0x0000000100000000)
  region size 1024K, 14 young (14336K), 14 survivors (14336K)
 Metaspace       used 35085K, committed 35392K, reserved 1081344K
  class space    used 4555K, committed 4736K, reserved 1048576K
GC Heap History (20 events):
Event: 2.827 GC heap after
{Heap after GC invocations=11 (full 0):
 garbage-first heap   total 74752K, used 33693K [0x000000008a200000, 0x0000000100000000)
  region size 1024K, 4 young (4096K), 4 survivors (4096K)
 Metaspace       used 34409K, committed 34752K, reserved 1081344K
  class space    used 4422K, committed 4608K, reserved 1048576K
}
Event: 2.862 GC heap before
{Heap before GC invocations=11 (full 0):
 garbage-first heap   total 74752K, used 56221K [0x000000008a200000, 0x0000000100000000)
  region size 1024K, 26 young (26624K), 4 survivors (4096K)
 Metaspace       used 34642K, committed 35008K, reserved 1081344K
  class space    used 4485K, committed 4672K, reserved 1048576K
}
Event: 2.869 GC heap after
{Heap after GC invocations=12 (full 0):
 garbage-first heap   total 123904K, used 40960K [0x000000008a200000, 0x0000000100000000)
  region size 1024K, 4 young (4096K), 4 survivors (4096K)
 Metaspace       used 34642K, committed 35008K, reserved 1081344K
  class space    used 4485K, committed 4672K, reserved 1048576K
}
Event: 3.235 GC heap before
{Heap before GC invocations=12 (full 0):
 garbage-first heap   total 123904K, used 88064K [0x000000008a200000, 0x0000000100000000)
  region size 1024K, 49 young (50176K), 4 survivors (4096K)
 Metaspace       used 34897K, committed 35200K, reserved 1081344K
  class space    used 4532K, committed 4672K, reserved 1048576K
}
Event: 3.255 GC heap after
{Heap after GC invocations=13 (full 0):
 garbage-first heap   total 123904K, used 59197K [0x000000008a200000, 0x0000000100000000)
  region size 1024K, 7 young (7168K), 7 survivors (7168K)
 Metaspace       used 34897K, committed 35200K, reserved 1081344K
  class space    used 4532K, committed 4672K, reserved 1048576K
}
Event: 3.282 GC heap before
{Heap before GC invocations=13 (full 0):
 garbage-first heap   total 123904K, used 86845K [0x000000008a200000, 0x0000000100000000)
  region size 1024K, 35 young (35840K), 7 survivors (7168K)
 Metaspace       used 34980K, committed 35264K, reserved 1081344K
  class space    used 4541K, committed 4672K, reserved 1048576K
}
Event: 3.291 GC heap after
{Heap after GC invocations=14 (full 0):
 garbage-first heap   total 123904K, used 63483K [0x000000008a200000, 0x0000000100000000)
  region size 1024K, 3 young (3072K), 3 survivors (3072K)
 Metaspace       used 34980K, committed 35264K, reserved 1081344K
  class space    used 4541K, committed 4672K, reserved 1048576K
}
Event: 3.299 GC heap before
{Heap before GC invocations=14 (full 0):
 garbage-first heap   total 123904K, used 90107K [0x000000008a200000, 0x0000000100000000)
  region size 1024K, 30 young (30720K), 3 survivors (3072K)
 Metaspace       used 35002K, committed 35328K, reserved 1081344K
  class space    used 4544K, committed 4736K, reserved 1048576K
}
Event: 3.307 GC heap after
{Heap after GC invocations=15 (full 0):
 garbage-first heap   total 123904K, used 65095K [0x000000008a200000, 0x0000000100000000)
  region size 1024K, 2 young (2048K), 2 survivors (2048K)
 Metaspace       used 35002K, committed 35328K, reserved 1081344K
  class space    used 4544K, committed 4736K, reserved 1048576K
}
Event: 3.321 GC heap before
{Heap before GC invocations=15 (full 0):
 garbage-first heap   total 123904K, used 91719K [0x000000008a200000, 0x0000000100000000)
  region size 1024K, 29 young (29696K), 2 survivors (2048K)
 Metaspace       used 35045K, committed 35392K, reserved 1081344K
  class space    used 4550K, committed 4736K, reserved 1048576K
}
Event: 3.324 GC heap after
{Heap after GC invocations=16 (full 0):
 garbage-first heap   total 336896K, used 65904K [0x000000008a200000, 0x0000000100000000)
  region size 1024K, 3 young (3072K), 3 survivors (3072K)
 Metaspace       used 35045K, committed 35392K, reserved 1081344K
  class space    used 4550K, committed 4736K, reserved 1048576K
}
Event: 3.455 GC heap before
{Heap before GC invocations=17 (full 0):
 garbage-first heap   total 327680K, used 185712K [0x000000008a200000, 0x0000000100000000)
  region size 1024K, 122 young (124928K), 3 survivors (3072K)
 Metaspace       used 35084K, committed 35392K, reserved 1081344K
  class space    used 4554K, committed 4736K, reserved 1048576K
}
Event: 3.481 GC heap after
{Heap after GC invocations=18 (full 0):
 garbage-first heap   total 327680K, used 69617K [0x000000008a200000, 0x0000000100000000)
  region size 1024K, 7 young (7168K), 7 survivors (7168K)
 Metaspace       used 35084K, committed 35392K, reserved 1081344K
  class space    used 4554K, committed 4736K, reserved 1048576K
}
Event: 3.486 GC heap before
{Heap before GC invocations=18 (full 0):
 garbage-first heap   total 327680K, used 77809K [0x000000008a200000, 0x0000000100000000)
  region size 1024K, 16 young (16384K), 7 survivors (7168K)
 Metaspace       used 35084K, committed 35392K, reserved 1081344K
  class space    used 4554K, committed 4736K, reserved 1048576K
}
Event: 3.490 GC heap after
{Heap after GC invocations=19 (full 0):
 garbage-first heap   total 327680K, used 69441K [0x000000008a200000, 0x0000000100000000)
  region size 1024K, 1 young (1024K), 1 survivors (1024K)
 Metaspace       used 35084K, committed 35392K, reserved 1081344K
  class space    used 4554K, committed 4736K, reserved 1048576K
}
Event: 3.599 GC heap before
{Heap before GC invocations=19 (full 0):
 garbage-first heap   total 327680K, used 243521K [0x000000008a200000, 0x0000000100000000)
  region size 1024K, 172 young (176128K), 1 survivors (1024K)
 Metaspace       used 35084K, committed 35392K, reserved 1081344K
  class space    used 4554K, committed 4736K, reserved 1048576K
}
Event: 3.610 GC heap after
{Heap after GC invocations=20 (full 0):
 garbage-first heap   total 327680K, used 76262K [0x000000008a200000, 0x0000000100000000)
  region size 1024K, 8 young (8192K), 8 survivors (8192K)
 Metaspace       used 35084K, committed 35392K, reserved 1081344K
  class space    used 4554K, committed 4736K, reserved 1048576K
}
Event: 3.772 GC heap before
{Heap before GC invocations=20 (full 0):
 garbage-first heap   total 327680K, used 251366K [0x000000008a200000, 0x0000000100000000)
  region size 1024K, 180 young (184320K), 8 survivors (8192K)
 Metaspace       used 35085K, committed 35392K, reserved 1081344K
  class space    used 4555K, committed 4736K, reserved 1048576K
}
Event: 3.788 GC heap after
{Heap after GC invocations=21 (full 0):
 garbage-first heap   total 327680K, used 83405K [0x000000008a200000, 0x0000000100000000)
  region size 1024K, 15 young (15360K), 15 survivors (15360K)
 Metaspace       used 35085K, committed 35392K, reserved 1081344K
  class space    used 4555K, committed 4736K, reserved 1048576K
}
Event: 3.924 GC heap before
{Heap before GC invocations=21 (full 0):
 garbage-first heap   total 327680K, used 257485K [0x000000008a200000, 0x0000000100000000)
  region size 1024K, 186 young (190464K), 15 survivors (15360K)
 Metaspace       used 35085K, committed 35392K, reserved 1081344K
  class space    used 4555K, committed 4736K, reserved 1048576K
}

