# JRE version: OpenJDK Runtime Environment Temurin-17.0.3+7 (17.0.3+7) (build 17.0.3+7)
# Java VM: OpenJDK 64-Bit Server VM Temurin-17.0.3+7 (17.0.3+7, mixed mode, emulated-client, tiered, compressed oops, compressed class ptrs, g1 gc, windows-amd64)
GC Precious Log:
 CPUs: 6 total, 6 available
 Memory: 7542M
 Large Page Support: Disabled
 NUMA Support: Disabled
 Compressed Oops: Enabled (32-bit)
 Heap Region Size: 1M
 Heap Min Capacity: 8M
 Heap Initial Capacity: 118M
 Heap Max Capacity: 1886M
 Pre-touch: Disabled
 Parallel Workers: 6
 Concurrent Workers: 2
 Concurrent Refinement Workers: 6
 Periodic GC: Disabled
Heap:
 garbage-first heap   total 109568K, used 32384K [0x000000008a200000, 0x0000000100000000)
  region size 1024K, 1 young (1024K), 0 survivors (0K)
 Metaspace       used 51185K, committed 51648K, reserved 1097728K
  class space    used 6733K, committed 6912K, reserved 1048576K
GC Heap History (20 events):
Event: 264435.898 GC heap before
{Heap before GC invocations=15978 (full 15928):
 garbage-first heap   total 109568K, used 32384K [0x000000008a200000, 0x0000000100000000)
  region size 1024K, 1 young (1024K), 0 survivors (0K)
 Metaspace       used 51185K, committed 51648K, reserved 1097728K
  class space    used 6733K, committed 6912K, reserved 1048576K
}
Event: 264435.924 GC heap after
{Heap after GC invocations=15979 (full 15929):
 garbage-first heap   total 109568K, used 32384K [0x000000008a200000, 0x0000000100000000)
  region size 1024K, 0 young (0K), 0 survivors (0K)
 Metaspace       used 51185K, committed 51648K, reserved 1097728K
  class space    used 6733K, committed 6912K, reserved 1048576K
}
Event: 264446.476 GC heap before
{Heap before GC invocations=15979 (full 15929):
 garbage-first heap   total 109568K, used 32384K [0x000000008a200000, 0x0000000100000000)
  region size 1024K, 1 young (1024K), 0 survivors (0K)
 Metaspace       used 51185K, committed 51648K, reserved 1097728K
  class space    used 6733K, committed 6912K, reserved 1048576K
}
Event: 264446.518 GC heap after
{Heap after GC invocations=15980 (full 15930):
 garbage-first heap   total 109568K, used 32384K [0x000000008a200000, 0x0000000100000000)
  region size 1024K, 0 young (0K), 0 survivors (0K)
 Metaspace       used 51185K, committed 51648K, reserved 1097728K
  class space    used 6733K, committed 6912K, reserved 1048576K
}
Event: 264457.027 GC heap before
{Heap before GC invocations=15980 (full 15930):
 garbage-first heap   total 109568K, used 32384K [0x000000008a200000, 0x0000000100000000)
  region size 1024K, 1 young (1024K), 0 survivors (0K)
 Metaspace       used 51185K, committed 51648K, reserved 1097728K
  class space    used 6733K, committed 6912K, reserved 1048576K
}
Event: 264457.053 GC heap after
{Heap after GC invocations=15981 (full 15931):
 garbage-first heap   total 109568K, used 32384K [0x000000008a200000, 0x0000000100000000)
  region size 1024K, 0 young (0K), 0 survivors (0K)
 Metaspace       used 51185K, committed 51648K, reserved 1097728K
  class space    used 6733K, committed 6912K, reserved 1048576K
}
Event: 264467.522 GC heap before
{Heap before GC invocations=15981 (full 15931):
 garbage-first heap   total 109568K, used 32384K [0x000000008a200000, 0x0000000100000000)
  region size 1024K, 1 young (1024K), 0 survivors (0K)
 Metaspace       used 51185K, committed 51648K, reserved 1097728K
  class space    used 6733K, committed 6912K, reserved 1048576K
}
Event: 264467.548 GC heap after
{Heap after GC invocations=15982 (full 15932):
 garbage-first heap   total 109568K, used 32384K [0x000000008a200000, 0x0000000100000000)
  region size 1024K, 0 young (0K), 0 survivors (0K)
 Metaspace       used 51185K, committed 51648K, reserved 1097728K
  class space    used 6733K, committed 6912K, reserved 1048576K
}
Event: 264478.055 GC heap before
{Heap before GC invocations=15982 (full 15932):
 garbage-first heap   total 109568K, used 32384K [0x000000008a200000, 0x0000000100000000)
  region size 1024K, 1 young (1024K), 0 survivors (0K)
 Metaspace       used 51185K, committed 51648K, reserved 1097728K
  class space    used 6733K, committed 6912K, reserved 1048576K
}
Event: 264478.090 GC heap after
{Heap after GC invocations=15983 (full 15933):
 garbage-first heap   total 109568K, used 32384K [0x000000008a200000, 0x0000000100000000)
  region size 1024K, 0 young (0K), 0 survivors (0K)
 Metaspace       used 51185K, committed 51648K, reserved 1097728K
  class space    used 6733K, committed 6912K, reserved 1048576K
}
Event: 264488.580 GC heap before
{Heap before GC invocations=15983 (full 15933):
 garbage-first heap   total 109568K, used 32384K [0x000000008a200000, 0x0000000100000000)
  region size 1024K, 1 young (1024K), 0 survivors (0K)
 Metaspace       used 51185K, committed 51648K, reserved 1097728K
  class space    used 6733K, committed 6912K, reserved 1048576K
}
Event: 264488.607 GC heap after
{Heap after GC invocations=15984 (full 15934):
 garbage-first heap   total 109568K, used 32384K [0x000000008a200000, 0x0000000100000000)
  region size 1024K, 0 young (0K), 0 survivors (0K)
 Metaspace       used 51185K, committed 51648K, reserved 1097728K
  class space    used 6733K, committed 6912K, reserved 1048576K
}
Event: 264499.080 GC heap before
{Heap before GC invocations=15984 (full 15934):
 garbage-first heap   total 109568K, used 32384K [0x000000008a200000, 0x0000000100000000)
  region size 1024K, 1 young (1024K), 0 survivors (0K)
 Metaspace       used 51185K, committed 51648K, reserved 1097728K
  class space    used 6733K, committed 6912K, reserved 1048576K
}
Event: 264499.106 GC heap after
{Heap after GC invocations=15985 (full 15935):
 garbage-first heap   total 109568K, used 32384K [0x000000008a200000, 0x0000000100000000)
  region size 1024K, 0 young (0K), 0 survivors (0K)
 Metaspace       used 51185K, committed 51648K, reserved 1097728K
  class space    used 6733K, committed 6912K, reserved 1048576K
}
Event: 264509.569 GC heap before
{Heap before GC invocations=15985 (full 15935):
 garbage-first heap   total 109568K, used 32384K [0x000000008a200000, 0x0000000100000000)
  region size 1024K, 1 young (1024K), 0 survivors (0K)
 Metaspace       used 51185K, committed 51648K, reserved 1097728K
  class space    used 6733K, committed 6912K, reserved 1048576K
}
Event: 264509.598 GC heap after
{Heap after GC invocations=15986 (full 15936):
 garbage-first heap   total 109568K, used 32384K [0x000000008a200000, 0x0000000100000000)
  region size 1024K, 0 young (0K), 0 survivors (0K)
 Metaspace       used 51185K, committed 51648K, reserved 1097728K
  class space    used 6733K, committed 6912K, reserved 1048576K
}
Event: 264520.120 GC heap before
{Heap before GC invocations=15986 (full 15936):
 garbage-first heap   total 109568K, used 32384K [0x000000008a200000, 0x0000000100000000)
  region size 1024K, 1 young (1024K), 0 survivors (0K)
 Metaspace       used 51185K, committed 51648K, reserved 1097728K
  class space    used 6733K, committed 6912K, reserved 1048576K
}
Event: 264520.145 GC heap after
{Heap after GC invocations=15987 (full 15937):
 garbage-first heap   total 109568K, used 32384K [0x000000008a200000, 0x0000000100000000)
  region size 1024K, 0 young (0K), 0 survivors (0K)
 Metaspace       used 51185K, committed 51648K, reserved 1097728K
  class space    used 6733K, committed 6912K, reserved 1048576K
}
Event: 264530.636 GC heap before
{Heap before GC invocations=15987 (full 15937):
 garbage-first heap   total 109568K, used 32384K [0x000000008a200000, 0x0000000100000000)
  region size 1024K, 1 young (1024K), 0 survivors (0K)
 Metaspace       used 51185K, committed 51648K, reserved 1097728K
  class space    used 6733K, committed 6912K, reserved 1048576K
}
Event: 264530.665 GC heap after
{Heap after GC invocations=15988 (full 15938):
 garbage-first heap   total 109568K, used 32384K [0x000000008a200000, 0x0000000100000000)
  region size 1024K, 0 young (0K), 0 survivors (0K)
 Metaspace       used 51185K, committed 51648K, reserved 1097728K
  class space    used 6733K, committed 6912K, reserved 1048576K
}

