# JRE version: OpenJDK Runtime Environment Temurin-17.0.3+7 (17.0.3+7) (build 17.0.3+7)
# Java VM: OpenJDK 64-Bit Server VM Temurin-17.0.3+7 (17.0.3+7, mixed mode, emulated-client, tiered, compressed oops, compressed class ptrs, g1 gc, windows-amd64)
GC Precious Log:
 CPUs: 6 total, 6 available
 Memory: 7542M
 Large Page Support: Disabled
 NUMA Support: Disabled
 Compressed Oops: Enabled (32-bit)
 Heap Region Size: 1M
 Heap Min Capacity: 8M
 Heap Initial Capacity: 118M
 Heap Max Capacity: 1886M
 Pre-touch: Disabled
 Parallel Workers: 6
 Concurrent Workers: 2
 Concurrent Refinement Workers: 6
 Periodic GC: Disabled
Heap:
 garbage-first heap   total 300032K, used 89144K [0x000000008a200000, 0x0000000100000000)
  region size 1024K, 14 young (14336K), 14 survivors (14336K)
 Metaspace       used 35029K, committed 35328K, reserved 1081344K
  class space    used 4545K, committed 4736K, reserved 1048576K
GC Heap History (20 events):
Event: 2.635 GC heap after
{Heap after GC invocations=11 (full 0):
 garbage-first heap   total 73728K, used 33940K [0x000000008a200000, 0x0000000100000000)
  region size 1024K, 4 young (4096K), 4 survivors (4096K)
 Metaspace       used 34352K, committed 34624K, reserved 1081344K
  class space    used 4404K, committed 4544K, reserved 1048576K
}
Event: 2.662 GC heap before
{Heap before GC invocations=11 (full 0):
 garbage-first heap   total 73728K, used 54420K [0x000000008a200000, 0x0000000100000000)
  region size 1024K, 24 young (24576K), 4 survivors (4096K)
 Metaspace       used 34565K, committed 34880K, reserved 1081344K
  class space    used 4461K, committed 4608K, reserved 1048576K
}
Event: 2.668 GC heap after
{Heap after GC invocations=12 (full 0):
 garbage-first heap   total 118784K, used 40513K [0x000000008a200000, 0x0000000100000000)
  region size 1024K, 3 young (3072K), 3 survivors (3072K)
 Metaspace       used 34565K, committed 34880K, reserved 1081344K
  class space    used 4461K, committed 4608K, reserved 1048576K
}
Event: 2.971 GC heap before
{Heap before GC invocations=12 (full 0):
 garbage-first heap   total 118784K, used 83521K [0x000000008a200000, 0x0000000100000000)
  region size 1024K, 45 young (46080K), 3 survivors (3072K)
 Metaspace       used 34867K, committed 35136K, reserved 1081344K
  class space    used 4521K, committed 4672K, reserved 1048576K
}
Event: 2.983 GC heap after
{Heap after GC invocations=13 (full 0):
 garbage-first heap   total 118784K, used 54478K [0x000000008a200000, 0x0000000100000000)
  region size 1024K, 6 young (6144K), 6 survivors (6144K)
 Metaspace       used 34867K, committed 35136K, reserved 1081344K
  class space    used 4521K, committed 4672K, reserved 1048576K
}
Event: 3.018 GC heap before
{Heap before GC invocations=13 (full 0):
 garbage-first heap   total 118784K, used 84174K [0x000000008a200000, 0x0000000100000000)
  region size 1024K, 35 young (35840K), 6 survivors (6144K)
 Metaspace       used 34957K, committed 35264K, reserved 1081344K
  class space    used 4532K, committed 4672K, reserved 1048576K
}
Event: 3.031 GC heap after
{Heap after GC invocations=14 (full 0):
 garbage-first heap   total 118784K, used 62464K [0x000000008a200000, 0x0000000100000000)
  region size 1024K, 5 young (5120K), 5 survivors (5120K)
 Metaspace       used 34957K, committed 35264K, reserved 1081344K
  class space    used 4532K, committed 4672K, reserved 1048576K
}
Event: 3.039 GC heap before
{Heap before GC invocations=14 (full 0):
 garbage-first heap   total 118784K, used 86016K [0x000000008a200000, 0x0000000100000000)
  region size 1024K, 29 young (29696K), 5 survivors (5120K)
 Metaspace       used 34967K, committed 35264K, reserved 1081344K
  class space    used 4532K, committed 4672K, reserved 1048576K
}
Event: 3.043 GC heap after
{Heap after GC invocations=15 (full 0):
 garbage-first heap   total 118784K, used 65054K [0x000000008a200000, 0x0000000100000000)
  region size 1024K, 2 young (2048K), 2 survivors (2048K)
 Metaspace       used 34967K, committed 35264K, reserved 1081344K
  class space    used 4532K, committed 4672K, reserved 1048576K
}
Event: 3.051 GC heap before
{Heap before GC invocations=15 (full 0):
 garbage-first heap   total 118784K, used 89630K [0x000000008a200000, 0x0000000100000000)
  region size 1024K, 27 young (27648K), 2 survivors (2048K)
 Metaspace       used 34971K, committed 35264K, reserved 1081344K
  class space    used 4532K, committed 4672K, reserved 1048576K
}
Event: 3.053 GC heap after
{Heap after GC invocations=16 (full 0):
 garbage-first heap   total 300032K, used 65611K [0x000000008a200000, 0x0000000100000000)
  region size 1024K, 3 young (3072K), 3 survivors (3072K)
 Metaspace       used 34971K, committed 35264K, reserved 1081344K
  class space    used 4532K, committed 4672K, reserved 1048576K
}
Event: 3.105 GC heap before
{Heap before GC invocations=17 (full 0):
 garbage-first heap   total 300032K, used 184395K [0x000000008a200000, 0x0000000100000000)
  region size 1024K, 121 young (123904K), 3 survivors (3072K)
 Metaspace       used 34999K, committed 35264K, reserved 1081344K
  class space    used 4541K, committed 4672K, reserved 1048576K
}
Event: 3.109 GC heap after
{Heap after GC invocations=18 (full 0):
 garbage-first heap   total 300032K, used 69116K [0x000000008a200000, 0x0000000100000000)
  region size 1024K, 7 young (7168K), 7 survivors (7168K)
 Metaspace       used 34999K, committed 35264K, reserved 1081344K
  class space    used 4541K, committed 4672K, reserved 1048576K
}
Event: 3.112 GC heap before
{Heap before GC invocations=18 (full 0):
 garbage-first heap   total 300032K, used 75260K [0x000000008a200000, 0x0000000100000000)
  region size 1024K, 14 young (14336K), 7 survivors (7168K)
 Metaspace       used 35021K, committed 35328K, reserved 1081344K
  class space    used 4543K, committed 4736K, reserved 1048576K
}
Event: 3.116 GC heap after
{Heap after GC invocations=19 (full 0):
 garbage-first heap   total 300032K, used 69289K [0x000000008a200000, 0x0000000100000000)
  region size 1024K, 1 young (1024K), 1 survivors (1024K)
 Metaspace       used 35021K, committed 35328K, reserved 1081344K
  class space    used 4543K, committed 4736K, reserved 1048576K
}
Event: 3.148 GC heap before
{Heap before GC invocations=19 (full 0):
 garbage-first heap   total 300032K, used 230057K [0x000000008a200000, 0x0000000100000000)
  region size 1024K, 159 young (162816K), 1 survivors (1024K)
 Metaspace       used 35029K, committed 35328K, reserved 1081344K
  class space    used 4544K, committed 4736K, reserved 1048576K
}
Event: 3.152 GC heap after
{Heap after GC invocations=20 (full 0):
 garbage-first heap   total 300032K, used 74957K [0x000000008a200000, 0x0000000100000000)
  region size 1024K, 7 young (7168K), 7 survivors (7168K)
 Metaspace       used 35029K, committed 35328K, reserved 1081344K
  class space    used 4544K, committed 4736K, reserved 1048576K
}
Event: 3.181 GC heap before
{Heap before GC invocations=20 (full 0):
 garbage-first heap   total 300032K, used 232653K [0x000000008a200000, 0x0000000100000000)
  region size 1024K, 162 young (165888K), 7 survivors (7168K)
 Metaspace       used 35029K, committed 35328K, reserved 1081344K
  class space    used 4545K, committed 4736K, reserved 1048576K
}
Event: 3.188 GC heap after
{Heap after GC invocations=21 (full 0):
 garbage-first heap   total 300032K, used 81577K [0x000000008a200000, 0x0000000100000000)
  region size 1024K, 13 young (13312K), 13 survivors (13312K)
 Metaspace       used 35029K, committed 35328K, reserved 1081344K
  class space    used 4545K, committed 4736K, reserved 1048576K
}
Event: 3.217 GC heap before
{Heap before GC invocations=21 (full 0):
 garbage-first heap   total 300032K, used 238249K [0x000000008a200000, 0x0000000100000000)
  region size 1024K, 167 young (171008K), 13 survivors (13312K)
 Metaspace       used 35029K, committed 35328K, reserved 1081344K
  class space    used 4545K, committed 4736K, reserved 1048576K
}

