# JRE version: OpenJDK Runtime Environment Temurin-17.0.3+7 (17.0.3+7) (build 17.0.3+7)
# Java VM: OpenJDK 64-Bit Server VM Temurin-17.0.3+7 (17.0.3+7, mixed mode, emulated-client, tiered, compressed oops, compressed class ptrs, g1 gc, windows-amd64)
GC Precious Log:
 CPUs: 6 total, 6 available
 Memory: 7542M
 Large Page Support: Disabled
 NUMA Support: Disabled
 Compressed Oops: Enabled (32-bit)
 Heap Region Size: 1M
 Heap Min Capacity: 8M
 Heap Initial Capacity: 118M
 Heap Max Capacity: 1886M
 Pre-touch: Disabled
 Parallel Workers: 6
 Concurrent Workers: 2
 Concurrent Refinement Workers: 6
 Periodic GC: Disabled
Heap:
 garbage-first heap   total 120832K, used 64822K [0x000000008a200000, 0x0000000100000000)
  region size 1024K, 3 young (3072K), 3 survivors (3072K)
 Metaspace       used 34937K, committed 35200K, reserved 1081344K
  class space    used 4542K, committed 4672K, reserved 1048576K
GC Heap History (20 events):
Event: 3.744 GC heap after
{Heap after GC invocations=9 (full 0):
 garbage-first heap   total 58368K, used 22030K [0x000000008a200000, 0x0000000100000000)
  region size 1024K, 3 young (3072K), 3 survivors (3072K)
 Metaspace       used 32911K, committed 33216K, reserved 1081344K
  class space    used 4178K, committed 4288K, reserved 1048576K
}
Event: 3.939 GC heap before
{Heap before GC invocations=9 (full 0):
 garbage-first heap   total 58368K, used 39438K [0x000000008a200000, 0x0000000100000000)
  region size 1024K, 21 young (21504K), 3 survivors (3072K)
 Metaspace       used 33177K, committed 33472K, reserved 1081344K
  class space    used 4217K, committed 4352K, reserved 1048576K
}
Event: 3.944 GC heap after
{Heap after GC invocations=10 (full 0):
 garbage-first heap   total 58368K, used 25729K [0x000000008a200000, 0x0000000100000000)
  region size 1024K, 3 young (3072K), 3 survivors (3072K)
 Metaspace       used 33177K, committed 33472K, reserved 1081344K
  class space    used 4217K, committed 4352K, reserved 1048576K
}
Event: 4.004 GC heap before
{Heap before GC invocations=10 (full 0):
 garbage-first heap   total 58368K, used 42113K [0x000000008a200000, 0x0000000100000000)
  region size 1024K, 19 young (19456K), 3 survivors (3072K)
 Metaspace       used 33505K, committed 33792K, reserved 1081344K
  class space    used 4266K, committed 4416K, reserved 1048576K
}
Event: 4.008 GC heap after
{Heap after GC invocations=11 (full 0):
 garbage-first heap   total 58368K, used 29013K [0x000000008a200000, 0x0000000100000000)
  region size 1024K, 3 young (3072K), 3 survivors (3072K)
 Metaspace       used 33505K, committed 33792K, reserved 1081344K
  class space    used 4266K, committed 4416K, reserved 1048576K
}
Event: 4.040 GC heap before
{Heap before GC invocations=11 (full 0):
 garbage-first heap   total 58368K, used 43349K [0x000000008a200000, 0x0000000100000000)
  region size 1024K, 17 young (17408K), 3 survivors (3072K)
 Metaspace       used 33634K, committed 33920K, reserved 1081344K
  class space    used 4285K, committed 4416K, reserved 1048576K
}
Event: 4.044 GC heap after
{Heap after GC invocations=12 (full 0):
 garbage-first heap   total 58368K, used 31313K [0x000000008a200000, 0x0000000100000000)
  region size 1024K, 3 young (3072K), 3 survivors (3072K)
 Metaspace       used 33634K, committed 33920K, reserved 1081344K
  class space    used 4285K, committed 4416K, reserved 1048576K
}
Event: 4.085 GC heap before
{Heap before GC invocations=13 (full 0):
 garbage-first heap   total 58368K, used 43601K [0x000000008a200000, 0x0000000100000000)
  region size 1024K, 15 young (15360K), 3 survivors (3072K)
 Metaspace       used 33692K, committed 33984K, reserved 1081344K
  class space    used 4299K, committed 4480K, reserved 1048576K
}
Event: 4.090 GC heap after
{Heap after GC invocations=14 (full 0):
 garbage-first heap   total 58368K, used 33940K [0x000000008a200000, 0x0000000100000000)
  region size 1024K, 2 young (2048K), 2 survivors (2048K)
 Metaspace       used 33692K, committed 33984K, reserved 1081344K
  class space    used 4299K, committed 4480K, reserved 1048576K
}
Event: 4.121 GC heap before
{Heap before GC invocations=14 (full 0):
 garbage-first heap   total 58368K, used 45204K [0x000000008a200000, 0x0000000100000000)
  region size 1024K, 13 young (13312K), 2 survivors (2048K)
 Metaspace       used 33700K, committed 34048K, reserved 1081344K
  class space    used 4301K, committed 4480K, reserved 1048576K
}
Event: 4.127 GC heap after
{Heap after GC invocations=15 (full 0):
 garbage-first heap   total 116736K, used 38308K [0x000000008a200000, 0x0000000100000000)
  region size 1024K, 2 young (2048K), 2 survivors (2048K)
 Metaspace       used 33700K, committed 34048K, reserved 1081344K
  class space    used 4301K, committed 4480K, reserved 1048576K
}
Event: 4.455 GC heap before
{Heap before GC invocations=16 (full 0):
 garbage-first heap   total 116736K, used 77220K [0x000000008a200000, 0x0000000100000000)
  region size 1024K, 41 young (41984K), 2 survivors (2048K)
 Metaspace       used 34527K, committed 34816K, reserved 1081344K
  class space    used 4471K, committed 4608K, reserved 1048576K
}
Event: 4.462 GC heap after
{Heap after GC invocations=17 (full 0):
 garbage-first heap   total 116736K, used 45959K [0x000000008a200000, 0x0000000100000000)
  region size 1024K, 6 young (6144K), 6 survivors (6144K)
 Metaspace       used 34527K, committed 34816K, reserved 1081344K
  class space    used 4471K, committed 4608K, reserved 1048576K
}
Event: 4.482 GC heap before
{Heap before GC invocations=17 (full 0):
 garbage-first heap   total 116736K, used 45959K [0x000000008a200000, 0x0000000100000000)
  region size 1024K, 7 young (7168K), 6 survivors (6144K)
 Metaspace       used 34672K, committed 35008K, reserved 1081344K
  class space    used 4499K, committed 4672K, reserved 1048576K
}
Event: 4.486 GC heap after
{Heap after GC invocations=18 (full 0):
 garbage-first heap   total 116736K, used 47023K [0x000000008a200000, 0x0000000100000000)
  region size 1024K, 1 young (1024K), 1 survivors (1024K)
 Metaspace       used 34672K, committed 35008K, reserved 1081344K
  class space    used 4499K, committed 4672K, reserved 1048576K
}
Event: 4.689 GC heap before
{Heap before GC invocations=18 (full 0):
 garbage-first heap   total 116736K, used 81839K [0x000000008a200000, 0x0000000100000000)
  region size 1024K, 34 young (34816K), 1 survivors (1024K)
 Metaspace       used 34921K, committed 35200K, reserved 1081344K
  class space    used 4541K, committed 4672K, reserved 1048576K
}
Event: 4.707 GC heap after
{Heap after GC invocations=19 (full 0):
 garbage-first heap   total 116736K, used 62347K [0x000000008a200000, 0x0000000100000000)
  region size 1024K, 5 young (5120K), 5 survivors (5120K)
 Metaspace       used 34921K, committed 35200K, reserved 1081344K
  class space    used 4541K, committed 4672K, reserved 1048576K
}
Event: 4.726 GC heap before
{Heap before GC invocations=19 (full 0):
 garbage-first heap   total 116736K, used 83851K [0x000000008a200000, 0x0000000100000000)
  region size 1024K, 27 young (27648K), 5 survivors (5120K)
 Metaspace       used 34925K, committed 35200K, reserved 1081344K
  class space    used 4542K, committed 4672K, reserved 1048576K
}
Event: 4.730 GC heap after
{Heap after GC invocations=20 (full 0):
 garbage-first heap   total 116736K, used 63878K [0x000000008a200000, 0x0000000100000000)
  region size 1024K, 2 young (2048K), 2 survivors (2048K)
 Metaspace       used 34925K, committed 35200K, reserved 1081344K
  class space    used 4542K, committed 4672K, reserved 1048576K
}
Event: 4.756 GC heap before
{Heap before GC invocations=20 (full 0):
 garbage-first heap   total 116736K, used 85382K [0x000000008a200000, 0x0000000100000000)
  region size 1024K, 24 young (24576K), 2 survivors (2048K)
 Metaspace       used 34937K, committed 35200K, reserved 1081344K
  class space    used 4542K, committed 4672K, reserved 1048576K
}

