# JRE version: OpenJDK Runtime Environment Temurin-17.0.3+7 (17.0.3+7) (build 17.0.3+7)
# Java VM: OpenJDK 64-Bit Server VM Temurin-17.0.3+7 (17.0.3+7, mixed mode, emulated-client, tiered, compressed oops, compressed class ptrs, g1 gc, windows-amd64)
GC Precious Log:
 CPUs: 6 total, 6 available
 Memory: 7542M
 Large Page Support: Disabled
 NUMA Support: Disabled
 Compressed Oops: Enabled (32-bit)
 Heap Region Size: 1M
 Heap Min Capacity: 8M
 Heap Initial Capacity: 118M
 Heap Max Capacity: 1886M
 Pre-touch: Disabled
 Parallel Workers: 6
 Concurrent Workers: 2
 Concurrent Refinement Workers: 6
 Periodic GC: Disabled
Heap:
 garbage-first heap   total 612352K, used 447478K [0x000000008a200000, 0x0000000100000000)
  region size 1024K, 254 young (260096K), 32 survivors (32768K)
 Metaspace       used 45647K, committed 46016K, reserved 1089536K
  class space    used 5632K, committed 5824K, reserved 1048576K
GC Heap History (20 events):
Event: 12.508 GC heap before
{Heap before GC invocations=24 (full 0):
 garbage-first heap   total 219136K, used 170613K [0x000000008a200000, 0x0000000100000000)
  region size 1024K, 102 young (104448K), 5 survivors (5120K)
 Metaspace       used 35933K, committed 36224K, reserved 1081344K
  class space    used 4622K, committed 4800K, reserved 1048576K
}
Event: 12.513 GC heap after
{Heap after GC invocations=25 (full 0):
 garbage-first heap   total 219136K, used 75849K [0x000000008a200000, 0x0000000100000000)
  region size 1024K, 8 young (8192K), 8 survivors (8192K)
 Metaspace       used 35933K, committed 36224K, reserved 1081344K
  class space    used 4622K, committed 4800K, reserved 1048576K
}
Event: 12.563 GC heap before
{Heap before GC invocations=25 (full 0):
 garbage-first heap   total 219136K, used 175177K [0x000000008a200000, 0x0000000100000000)
  region size 1024K, 106 young (108544K), 8 survivors (8192K)
 Metaspace       used 36226K, committed 36480K, reserved 1081344K
  class space    used 4657K, committed 4800K, reserved 1048576K
}
Event: 12.572 GC heap after
{Heap after GC invocations=26 (full 0):
 garbage-first heap   total 612352K, used 80097K [0x000000008a200000, 0x0000000100000000)
  region size 1024K, 9 young (9216K), 9 survivors (9216K)
 Metaspace       used 36226K, committed 36480K, reserved 1081344K
  class space    used 4657K, committed 4800K, reserved 1048576K
}
Event: 13.255 GC heap before
{Heap before GC invocations=26 (full 0):
 garbage-first heap   total 612352K, used 436449K [0x000000008a200000, 0x0000000100000000)
  region size 1024K, 358 young (366592K), 9 survivors (9216K)
 Metaspace       used 37982K, committed 38272K, reserved 1089536K
  class space    used 4788K, committed 4928K, reserved 1048576K
}
Event: 13.320 GC heap after
{Heap after GC invocations=27 (full 0):
 garbage-first heap   total 612352K, used 96246K [0x000000008a200000, 0x0000000100000000)
  region size 1024K, 24 young (24576K), 24 survivors (24576K)
 Metaspace       used 37982K, committed 38272K, reserved 1089536K
  class space    used 4788K, committed 4928K, reserved 1048576K
}
Event: 13.766 GC heap before
{Heap before GC invocations=27 (full 0):
 garbage-first heap   total 612352K, used 438262K [0x000000008a200000, 0x0000000100000000)
  region size 1024K, 358 young (366592K), 24 survivors (24576K)
 Metaspace       used 38548K, committed 38848K, reserved 1089536K
  class space    used 4866K, committed 4992K, reserved 1048576K
}
Event: 13.788 GC heap after
{Heap after GC invocations=28 (full 0):
 garbage-first heap   total 612352K, used 114896K [0x000000008a200000, 0x0000000100000000)
  region size 1024K, 38 young (38912K), 38 survivors (38912K)
 Metaspace       used 38548K, committed 38848K, reserved 1089536K
  class space    used 4866K, committed 4992K, reserved 1048576K
}
Event: 14.013 GC heap before
{Heap before GC invocations=28 (full 0):
 garbage-first heap   total 612352K, used 441552K [0x000000008a200000, 0x0000000100000000)
  region size 1024K, 358 young (366592K), 38 survivors (38912K)
 Metaspace       used 39030K, committed 39424K, reserved 1089536K
  class space    used 4904K, committed 5056K, reserved 1048576K
}
Event: 14.036 GC heap after
{Heap after GC invocations=29 (full 0):
 garbage-first heap   total 612352K, used 134873K [0x000000008a200000, 0x0000000100000000)
  region size 1024K, 37 young (37888K), 37 survivors (37888K)
 Metaspace       used 39030K, committed 39424K, reserved 1089536K
  class space    used 4904K, committed 5056K, reserved 1048576K
}
Event: 15.225 GC heap before
{Heap before GC invocations=29 (full 0):
 garbage-first heap   total 612352K, used 463577K [0x000000008a200000, 0x0000000100000000)
  region size 1024K, 358 young (366592K), 37 survivors (37888K)
 Metaspace       used 44757K, committed 45184K, reserved 1089536K
  class space    used 5494K, committed 5696K, reserved 1048576K
}
Event: 15.244 GC heap after
{Heap after GC invocations=30 (full 0):
 garbage-first heap   total 612352K, used 152046K [0x000000008a200000, 0x0000000100000000)
  region size 1024K, 36 young (36864K), 36 survivors (36864K)
 Metaspace       used 44757K, committed 45184K, reserved 1089536K
  class space    used 5494K, committed 5696K, reserved 1048576K
}
Event: 15.845 GC heap before
{Heap before GC invocations=30 (full 0):
 garbage-first heap   total 612352K, used 480750K [0x000000008a200000, 0x0000000100000000)
  region size 1024K, 358 young (366592K), 36 survivors (36864K)
 Metaspace       used 44757K, committed 45184K, reserved 1089536K
  class space    used 5494K, committed 5696K, reserved 1048576K
}
Event: 15.864 GC heap after
{Heap after GC invocations=31 (full 0):
 garbage-first heap   total 612352K, used 168950K [0x000000008a200000, 0x0000000100000000)
  region size 1024K, 32 young (32768K), 32 survivors (32768K)
 Metaspace       used 44757K, committed 45184K, reserved 1089536K
  class space    used 5494K, committed 5696K, reserved 1048576K
}
Event: 16.376 GC heap before
{Heap before GC invocations=31 (full 0):
 garbage-first heap   total 612352K, used 501750K [0x000000008a200000, 0x0000000100000000)
  region size 1024K, 358 young (366592K), 32 survivors (32768K)
 Metaspace       used 44757K, committed 45184K, reserved 1089536K
  class space    used 5494K, committed 5696K, reserved 1048576K
}
Event: 16.398 GC heap after
{Heap after GC invocations=32 (full 0):
 garbage-first heap   total 612352K, used 185334K [0x000000008a200000, 0x0000000100000000)
  region size 1024K, 31 young (31744K), 31 survivors (31744K)
 Metaspace       used 44757K, committed 45184K, reserved 1089536K
  class space    used 5494K, committed 5696K, reserved 1048576K
}
Event: 17.021 GC heap before
{Heap before GC invocations=32 (full 0):
 garbage-first heap   total 612352K, used 507894K [0x000000008a200000, 0x0000000100000000)
  region size 1024K, 347 young (355328K), 31 survivors (31744K)
 Metaspace       used 44757K, committed 45184K, reserved 1089536K
  class space    used 5494K, committed 5696K, reserved 1048576K
}
Event: 17.043 GC heap after
{Heap after GC invocations=33 (full 0):
 garbage-first heap   total 612352K, used 202230K [0x000000008a200000, 0x0000000100000000)
  region size 1024K, 32 young (32768K), 32 survivors (32768K)
 Metaspace       used 44757K, committed 45184K, reserved 1089536K
  class space    used 5494K, committed 5696K, reserved 1048576K
}
Event: 17.644 GC heap before
{Heap before GC invocations=33 (full 0):
 garbage-first heap   total 612352K, used 509430K [0x000000008a200000, 0x0000000100000000)
  region size 1024K, 333 young (340992K), 32 survivors (32768K)
 Metaspace       used 44757K, committed 45184K, reserved 1089536K
  class space    used 5494K, committed 5696K, reserved 1048576K
}
Event: 17.664 GC heap after
{Heap after GC invocations=34 (full 0):
 garbage-first heap   total 612352K, used 219126K [0x000000008a200000, 0x0000000100000000)
  region size 1024K, 32 young (32768K), 32 survivors (32768K)
 Metaspace       used 44757K, committed 45184K, reserved 1089536K
  class space    used 5494K, committed 5696K, reserved 1048576K
}

